run_id=sprint2-rerun
raw_records=10
cleaned_records=5
quarantine_records=5
cleaned_csv=artifacts\cleaned\cleaned_sprint2-rerun.csv
quarantine_csv=artifacts\quarantine\quarantine_sprint2-rerun.csv
expectation[min_one_row] OK (halt) :: cleaned_rows=5
expectation[no_empty_doc_id] OK (halt) :: empty_doc_id_count=0
expectation[refund_no_stale_14d_window] OK (halt) :: violations=0
expectation[chunk_min_length_8] OK (warn) :: short_chunks=0
expectation[effective_date_iso_yyyy_mm_dd] OK (halt) :: non_iso_rows=0
expectation[hr_leave_no_stale_10d_annual] OK (halt) :: violations=0
expectation[no_empty_exported_at] OK (warn) :: empty_exported_at_count=0
expectation[chunk_id_unique] OK (halt) :: duplicate_chunk_ids=0
expectation[no_invisible_chars_in_chunk_text] OK (halt) :: violations=0
expectation[no_internal_note_leak] OK (halt) :: violations=0
expectation[chunk_min_length_20] OK (halt) :: short_chunks=0
expectation[exported_at_not_future_24h] OK (halt) :: future_rows=0
embed_upsert count=5 collection=day10_kb
manifest_written=artifacts\manifests\manifest_sprint2-rerun.json
freshness_check=FAIL {"latest_exported_at": "2026-04-10T08:00:00", "age_hours": 120.212, "sla_hours": 24.0, "reason": "freshness_sla_exceeded"}
PIPELINE_OK
